mode: set
github.com/ManuStoessel/wirvsvirus/backend/entity/company.go:21.34,22.22 1 1
github.com/ManuStoessel/wirvsvirus/backend/entity/company.go:26.2,26.21 1 1
github.com/ManuStoessel/wirvsvirus/backend/entity/company.go:22.22,24.3 1 1
github.com/ManuStoessel/wirvsvirus/backend/entity/company.go:29.34,31.2 1 1
github.com/ManuStoessel/wirvsvirus/backend/entity/company.go:33.34,35.2 1 1
github.com/ManuStoessel/wirvsvirus/backend/entity/company.go:37.50,43.2 3 1
github.com/ManuStoessel/wirvsvirus/backend/entity/donation.go:15.36,16.23 1 1
github.com/ManuStoessel/wirvsvirus/backend/entity/donation.go:20.2,20.22 1 1
github.com/ManuStoessel/wirvsvirus/backend/entity/donation.go:16.23,18.3 1 1
github.com/ManuStoessel/wirvsvirus/backend/entity/donation.go:23.36,25.2 1 1
github.com/ManuStoessel/wirvsvirus/backend/entity/donation.go:27.36,29.2 1 1
github.com/ManuStoessel/wirvsvirus/backend/entity/donation.go:31.53,37.2 3 1
github.com/ManuStoessel/wirvsvirus/backend/entity/donation.go:39.64,44.2 3 1
github.com/ManuStoessel/wirvsvirus/backend/entity/entity.go:18.13,19.15 1 1
github.com/ManuStoessel/wirvsvirus/backend/entity/entity.go:19.15,24.17 3 1
github.com/ManuStoessel/wirvsvirus/backend/entity/entity.go:28.3,29.69 2 1
github.com/ManuStoessel/wirvsvirus/backend/entity/entity.go:24.17,25.39 1 0
github.com/ManuStoessel/wirvsvirus/backend/entity/image.go:13.30,14.20 1 0
github.com/ManuStoessel/wirvsvirus/backend/entity/image.go:18.2,18.19 1 0
github.com/ManuStoessel/wirvsvirus/backend/entity/image.go:14.20,16.3 1 0
github.com/ManuStoessel/wirvsvirus/backend/entity/image.go:21.30,23.2 1 0
github.com/ManuStoessel/wirvsvirus/backend/entity/image.go:25.30,27.2 1 0
github.com/ManuStoessel/wirvsvirus/backend/entity/image.go:29.44,35.2 3 0
github.com/ManuStoessel/wirvsvirus/backend/entity/image.go:37.58,42.2 3 0
github.com/ManuStoessel/wirvsvirus/backend/entity/user.go:12.28,13.19 1 1
github.com/ManuStoessel/wirvsvirus/backend/entity/user.go:17.2,17.18 1 1
github.com/ManuStoessel/wirvsvirus/backend/entity/user.go:13.19,15.3 1 1
github.com/ManuStoessel/wirvsvirus/backend/entity/user.go:20.28,22.2 1 1
github.com/ManuStoessel/wirvsvirus/backend/entity/user.go:24.28,26.2 1 1
github.com/ManuStoessel/wirvsvirus/backend/entity/user.go:28.41,34.2 3 1
